<?xml version="1.0" encoding="UTF-8"?>
<testsuites>
	<testsuite tests="2" failures="2" time="0.003" name="github.com/ljfranklin/test-runner-resource/storage" timestamp="2018-03-15T14:22:46+07:00">
		<properties>
			<property name="go.version" value="go1.9.2"></property>
		</properties>
		<testcase classname="storage" name="TestS3Get" time="0.000">
			<failure message="Failed" type="integration">s3_test.go:102: AWS_ACCESS_KEY must be set</failure>
		</testcase>
		<testcase classname="storage" name="TestS3CompatibleGet" time="0.000">
			<failure message="Failed" type="integration">s3_test.go:110: S3_COMPATIBLE_ACCESS_KEY must be set</failure>
		</testcase>
	</testsuite>
</testsuites>
